bpipe.Runner	[1]	INFO	|5:13:10 Starting 
bpipe.Runner	[1]	INFO	|5:13:10 OS: Mac OS X (10.10.2) Java: 1.8.0_05 Vendor: Oracle Corporation 
bpipe.Runner	[1]	INFO	|5:13:10 Initializing plugins ... 
bpipe.Config	[1]	INFO	|5:13:10 No plugins directory found: /Users/jt/variant_pipeline/tutorial/.bpipe/plugins 
bpipe.Runner	[1]	INFO	|5:13:10 Reading user config ...  
bpipe.Config	[1]	INFO	|5:13:10 No configuration file found in same dir as pipeline file /Users/jt/variant_pipeline/scripts/bpipe.config 
bpipe.Config	[1]	INFO	|5:13:10 No local configuration file found 
bpipe.Utils	[12]	INFO	|5:13:11 Read config from /Users/jt/variant_pipeline/lib/bpipe-0.9.8.7/bin/../bpipe.config executed in 0.384 seconds 
bpipe.Utils	[1]	INFO	|5:13:11 Read user config executed in 0.681 seconds 
bpipe.Runner	[1]	INFO	|5:13:11 Maximum threads specified as 8 
bpipe.Runner	[1]	INFO	|5:13:11 Loading tool database ...  
bpipe.ToolDatabase	[13]	INFO	|5:13:11 Loading tool database from user configuration 
bpipe.Runner	[1]	INFO	|5:13:11 No CLI parameters specified 
bpipe.Concurrency	[15]	INFO	|5:13:11 Creating thread pool with 8 threads to execute parallel pipelines 
bpipe.Tool	[13]	INFO	|5:13:11 Configured meta data about tool samtools 
bpipe.Tool	[13]	INFO	|5:13:11 Configured meta data about tool bwa 
bpipe.Tool	[13]	INFO	|5:13:11 Configured meta data about tool bowtie 
bpipe.Tool	[13]	INFO	|5:13:11 Configured meta data about tool fastqc 
bpipe.Tool	[13]	INFO	|5:13:11 Configured meta data about tool coverageBed 
bpipe.Tool	[13]	INFO	|5:13:11 Configured meta data about tool fastx_clipper 
bpipe.Tool	[13]	INFO	|5:13:11 Configured meta data about tool convert2annovar.pl 
bpipe.Tool	[13]	INFO	|5:13:11 Configured meta data about tool summarize_annovar.pl 
bpipe.Tool	[13]	INFO	|5:13:11 Configured meta data about tool bowtie2 
bpipe.Tool	[13]	INFO	|5:13:11 Configured meta data about tool GenomeAnalysisTK 
bpipe.Tool	[13]	INFO	|5:13:11 Configured meta data about tool MarkDuplicates 
bpipe.Tool	[13]	INFO	|5:13:11 Configured meta data about tool signalp 
bpipe.Tool	[13]	INFO	|5:13:11 Configured meta data about tool variant_effect_predictor.pl 
bpipe.Tool	[13]	INFO	|5:13:11 Configured meta data about tool igvtools 
bpipe.Tool	[13]	INFO	|5:13:11 Configured meta data about tool ls 
bpipe.Runner	[1]	INFO	|5:13:11 Parsing script ...  
bpipe.Runner	[1]	INFO	|5:13:11 Run ...  
bpipe.Pipeline	[1]	INFO	|5:13:11 Evaluating library file /Users/jt/variant_pipeline/scripts/variantPipeline.bpipe.config.groovy 
bpipe.Pipeline	[1]	INFO	|5:13:11 Evaluating library file /Users/jt/variant_pipeline/scripts/variantPipeline.bpipe.stages.groovy 
bpipe.PipelineCategory	[1]	INFO	|5:13:11 Found closure variable rename 
bpipe.PipelineCategory	[1]	INFO	|5:13:11 Found closure variable fastqc 
bpipe.PipelineCategory	[1]	INFO	|5:13:11 Found closure variable pydmx 
bpipe.PipelineCategory	[1]	INFO	|5:13:11 Found closure variable bowtie2 
bpipe.PipelineCategory	[1]	INFO	|5:13:11 Found closure variable samtools_filter 
bpipe.PipelineCategory	[1]	INFO	|5:13:11 Found closure variable picard_sortsam 
bpipe.PipelineCategory	[1]	INFO	|5:13:11 Found closure variable picard_removedups 
bpipe.PipelineCategory	[1]	INFO	|5:13:11 Found closure variable picard_markdups 
bpipe.PipelineCategory	[1]	INFO	|5:13:11 Found closure variable samtools_mpileup 
bpipe.PipelineCategory	[1]	INFO	|5:13:11 Found closure variable trim_pileup 
bpipe.PipelineCategory	[1]	INFO	|5:13:11 Found closure variable get_control 
bpipe.PipelineCategory	[1]	INFO	|5:13:11 Found closure variable deepsnv 
bpipe.PipelineCategory	[1]	INFO	|5:13:11 Found closure variable mapq_conditional 
bpipe.PipelineCategory	[1]	INFO	|5:13:11 Found closure variable combine 
bpipe.Pipeline	[1]	INFO	|5:13:11 Running with input [/Users/jt/variant_pipeline/tutorial/fastq_renamed/PB2_16.1.1.fastq, /Users/jt/variant_pipeline/tutorial/fastq_renamed/PB2_16.2.1.fastq, /Users/jt/variant_pipeline/tutorial/fastq_renamed/WT_Plasmidcontrol.1.1.fastq, /Users/jt/variant_pipeline/tutorial/fastq_renamed/WT_Plasmidcontrol.2.1.fastq] 
bpipe.PipelineCategory	[1]	INFO	|5:13:11 Found closure variable rename 
bpipe.PipelineCategory	[1]	INFO	|5:13:11 Found closure variable fastqc 
bpipe.PipelineCategory	[1]	INFO	|5:13:11 Found closure variable pydmx 
bpipe.PipelineCategory	[1]	INFO	|5:13:11 Found closure variable bowtie2 
bpipe.PipelineCategory	[1]	INFO	|5:13:11 Found closure variable samtools_filter 
bpipe.PipelineCategory	[1]	INFO	|5:13:11 Found closure variable picard_sortsam 
bpipe.PipelineCategory	[1]	INFO	|5:13:11 Found closure variable picard_removedups 
bpipe.PipelineCategory	[1]	INFO	|5:13:11 Found closure variable picard_markdups 
bpipe.PipelineCategory	[1]	INFO	|5:13:11 Found closure variable samtools_mpileup 
bpipe.PipelineCategory	[1]	INFO	|5:13:11 Found closure variable trim_pileup 
bpipe.PipelineCategory	[1]	INFO	|5:13:11 Found closure variable get_control 
bpipe.PipelineCategory	[1]	INFO	|5:13:11 Found closure variable deepsnv 
bpipe.PipelineCategory	[1]	INFO	|5:13:11 Found closure variable mapq_conditional 
bpipe.PipelineCategory	[1]	INFO	|5:13:11 Found closure variable combine 
bpipe.PipelineCategory	[1]	INFO	|5:13:11 Found closure variable done 
bpipe.Pipeline	[1]	WARNING	|5:13:11 Pipeline folder /Users/jt/bpipes could not be found 
bpipe.Pipeline	[1]	INFO	|5:13:11 Skip loading /Users/jt/variant_pipeline/scripts/variantPipeline.bpipe.config.groovy (already loaded) 
bpipe.Pipeline	[1]	INFO	|5:13:11 Skip loading /Users/jt/variant_pipeline/scripts/variantPipeline.bpipe.stages.groovy (already loaded) 
bpipe.Pipeline	[1]	INFO	|5:13:12 Loaded external reference: args 
bpipe.Pipeline	[1]	INFO	|5:13:12 External reference args is overridden by local reference 
bpipe.Pipeline	[1]	INFO	|5:13:12 Loaded external reference: BPIPE_NO_EXTERNAL_STAGES 
bpipe.Pipeline	[1]	INFO	|5:13:12 External reference BPIPE_NO_EXTERNAL_STAGES is overridden by local reference 
bpipe.Pipeline	[1]	INFO	|5:13:12 Loaded external reference: PYDMX 
bpipe.Pipeline	[1]	INFO	|5:13:12 External reference PYDMX is overridden by local reference 
bpipe.Pipeline	[1]	INFO	|5:13:12 Loaded external reference: PICARD_JARS 
bpipe.Pipeline	[1]	INFO	|5:13:12 External reference PICARD_JARS is overridden by local reference 
bpipe.Pipeline	[1]	INFO	|5:13:12 Loaded external reference: rename 
bpipe.Pipeline	[1]	INFO	|5:13:12 External reference rename is overridden by local reference 
bpipe.Pipeline	[1]	INFO	|5:13:12 Loaded external reference: fastqc 
bpipe.Pipeline	[1]	INFO	|5:13:12 External reference fastqc is overridden by local reference 
bpipe.Pipeline	[1]	INFO	|5:13:12 Loaded external reference: pydmx 
bpipe.Pipeline	[1]	INFO	|5:13:12 External reference pydmx is overridden by local reference 
bpipe.Pipeline	[1]	INFO	|5:13:12 Loaded external reference: bowtie2 
bpipe.Pipeline	[1]	INFO	|5:13:12 External reference bowtie2 is overridden by local reference 
bpipe.Pipeline	[1]	INFO	|5:13:12 Loaded external reference: samtools_filter 
bpipe.Pipeline	[1]	INFO	|5:13:12 External reference samtools_filter is overridden by local reference 
bpipe.Pipeline	[1]	INFO	|5:13:12 Loaded external reference: picard_sortsam 
bpipe.Pipeline	[1]	INFO	|5:13:12 External reference picard_sortsam is overridden by local reference 
bpipe.Pipeline	[1]	INFO	|5:13:12 Loaded external reference: picard_removedups 
bpipe.Pipeline	[1]	INFO	|5:13:12 External reference picard_removedups is overridden by local reference 
bpipe.Pipeline	[1]	INFO	|5:13:12 Loaded external reference: picard_markdups 
bpipe.Pipeline	[1]	INFO	|5:13:12 External reference picard_markdups is overridden by local reference 
bpipe.Pipeline	[1]	INFO	|5:13:12 Loaded external reference: samtools_mpileup 
bpipe.Pipeline	[1]	INFO	|5:13:12 External reference samtools_mpileup is overridden by local reference 
bpipe.Pipeline	[1]	INFO	|5:13:12 Loaded external reference: trim_pileup 
bpipe.Pipeline	[1]	INFO	|5:13:12 External reference trim_pileup is overridden by local reference 
bpipe.Pipeline	[1]	INFO	|5:13:12 Loaded external reference: get_control 
bpipe.Pipeline	[1]	INFO	|5:13:12 External reference get_control is overridden by local reference 
bpipe.Pipeline	[1]	INFO	|5:13:12 Loaded external reference: deepsnv 
bpipe.Pipeline	[1]	INFO	|5:13:12 External reference deepsnv is overridden by local reference 
bpipe.Pipeline	[1]	INFO	|5:13:12 Loaded external reference: mapq_conditional 
bpipe.Pipeline	[1]	INFO	|5:13:12 External reference mapq_conditional is overridden by local reference 
bpipe.Pipeline	[1]	INFO	|5:13:12 Loaded external reference: combine 
bpipe.Pipeline	[1]	INFO	|5:13:12 External reference combine is overridden by local reference 
bpipe.Pipeline	[1]	INFO	|5:13:12 Loaded external reference: done 
bpipe.Pipeline	[1]	INFO	|5:13:12 External reference done is overridden by local reference 
bpipe.DefinePipelineCategory	[1]	INFO	|5:13:12 multiply on input null with pattern %.*.fastq 
bpipe.InputSplitter	[1]	INFO	|5:13:12 Found * pattern at [2], hash at [] and % at [0] 
bpipe.InputSplitter	[1]	INFO	|5:13:12 Sorted: [0, 2] 
bpipe.InputSplitter	[1]	INFO	|5:13:12 % groups are at [0] 
bpipe.InputSplitter	[1]	INFO	|5:13:12 Result is [pattern:([^/]*?)\.([^/]*?)\.fastq, splits:[0]] 
bpipe.DefinePipelineCategory	[1]	INFO	|5:13:12 Processing segment 1809194904 
bpipe.DefinePipelineCategory	[1]	INFO	|5:13:12 multiply on input null with pattern %.sam 
bpipe.InputSplitter	[1]	INFO	|5:13:12 Found * pattern at [], hash at [] and % at [0] 
bpipe.InputSplitter	[1]	INFO	|5:13:12 Sorted: [0] 
bpipe.InputSplitter	[1]	INFO	|5:13:12 % groups are at [0] 
bpipe.InputSplitter	[1]	INFO	|5:13:12 Result is [pattern:([^/]*?)\.sam, splits:[0]] 
bpipe.DefinePipelineCategory	[1]	INFO	|5:13:12 Processing segment 1345483087 
bpipe.DefinePipelineCategory	[1]	INFO	|5:13:12 multiply on input null with pattern %.bam 
bpipe.InputSplitter	[1]	INFO	|5:13:12 Found * pattern at [], hash at [] and % at [0] 
bpipe.InputSplitter	[1]	INFO	|5:13:12 Sorted: [0] 
bpipe.InputSplitter	[1]	INFO	|5:13:12 % groups are at [0] 
bpipe.InputSplitter	[1]	INFO	|5:13:12 Result is [pattern:([^/]*?)\.bam, splits:[0]] 
bpipe.DefinePipelineCategory	[1]	INFO	|5:13:12 Processing segment 1873091796 
bpipe.DefinePipelineCategory	[1]	INFO	|5:13:12 Processing segment 661119548 
bpipe.DefinePipelineCategory	[1]	INFO	|5:13:12 multiply on input null with pattern %.csv 
bpipe.InputSplitter	[1]	INFO	|5:13:12 Found * pattern at [], hash at [] and % at [0] 
bpipe.InputSplitter	[1]	INFO	|5:13:12 Sorted: [0] 
bpipe.InputSplitter	[1]	INFO	|5:13:12 % groups are at [0] 
bpipe.InputSplitter	[1]	INFO	|5:13:12 Result is [pattern:([^/]*?)\.csv, splits:[0]] 
bpipe.DefinePipelineCategory	[1]	INFO	|5:13:12 Processing segment 1387380406 
bpipe.PipelineCategory	[1]	INFO	|5:13:12 Joiners for pipeline 1681920301 = [] 
bpipe.PipelineCategory	[1]	INFO	|5:13:12 Joiners for pipeline 1681920301 = [bpipe.PipelineCategory$_splitOnFiles_closure6@7c137fd5] 
bpipe.PipelineCategory	[1]	INFO	|5:13:12 Joiners for pipeline 1681920301 = [bpipe.PipelineCategory$_splitOnFiles_closure6@7c137fd5, bpipe.PipelineCategory$_splitOnFiles_closure6@451001e5, bpipe.PipelineCategory$_plus_closure1@2b40ff9c] 
bpipe.PipelineCategory	[1]	INFO	|5:13:12 Joiners for pipeline 1681920301 = [bpipe.PipelineCategory$_splitOnFiles_closure6@7c137fd5, bpipe.PipelineCategory$_splitOnFiles_closure6@451001e5, bpipe.PipelineCategory$_plus_closure1@2b40ff9c, bpipe.PipelineCategory$_splitOnFiles_closure6@3e08ff24, bpipe.PipelineCategory$_plus_closure1@4d1c005e, bpipe.PipelineCategory$_plus_closure1@8462f31, bpipe.PipelineCategory$_plus_closure1@24569dba] 
bpipe.PipelineCategory	[1]	INFO	|5:13:12 Joiners for pipeline 1681920301 = [bpipe.PipelineCategory$_splitOnFiles_closure6@7c137fd5, bpipe.PipelineCategory$_splitOnFiles_closure6@451001e5, bpipe.PipelineCategory$_plus_closure1@2b40ff9c, bpipe.PipelineCategory$_splitOnFiles_closure6@3e08ff24, bpipe.PipelineCategory$_plus_closure1@4d1c005e, bpipe.PipelineCategory$_plus_closure1@8462f31, bpipe.PipelineCategory$_plus_closure1@24569dba, bpipe.PipelineCategory$_splitOnFiles_closure6@5ddeb7cb, bpipe.PipelineCategory$_plus_closure1@70ed52de] 
bpipe.Pipeline	[1]	INFO	|5:13:12 Running segment with inputs [/Users/jt/variant_pipeline/tutorial/fastq_renamed/PB2_16.1.1.fastq, /Users/jt/variant_pipeline/tutorial/fastq_renamed/PB2_16.2.1.fastq, /Users/jt/variant_pipeline/tutorial/fastq_renamed/WT_Plasmidcontrol.1.1.fastq, /Users/jt/variant_pipeline/tutorial/fastq_renamed/WT_Plasmidcontrol.2.1.fastq] 
bpipe.Dependencies	[1]	INFO	|5:13:12 Checking input (s) [/Users/jt/variant_pipeline/tutorial/fastq_renamed/PB2_16.1.1.fastq, /Users/jt/variant_pipeline/tutorial/fastq_renamed/PB2_16.2.1.fastq, /Users/jt/variant_pipeline/tutorial/fastq_renamed/WT_Plasmidcontrol.1.1.fastq, /Users/jt/variant_pipeline/tutorial/fastq_renamed/WT_Plasmidcontrol.2.1.fastq] 
bpipe.Utils	[1]	INFO	|5:13:12 Output folder scan (concurrency=5) executed in 0.006 seconds 
bpipe.Utils	[1]	INFO	|5:13:12 Index output graph executed in 0.001 seconds 
bpipe.Dependencies	[1]	INFO	|5:13:12  Checking file /Users/jt/variant_pipeline/tutorial/fastq_renamed/PB2_16.1.1.fastq 
bpipe.Dependencies	[1]	INFO	|5:13:12  Checking file /Users/jt/variant_pipeline/tutorial/fastq_renamed/PB2_16.2.1.fastq 
bpipe.Dependencies	[1]	INFO	|5:13:12  Checking file /Users/jt/variant_pipeline/tutorial/fastq_renamed/WT_Plasmidcontrol.1.1.fastq 
bpipe.Dependencies	[1]	INFO	|5:13:12  Checking file /Users/jt/variant_pipeline/tutorial/fastq_renamed/WT_Plasmidcontrol.2.1.fastq 
bpipe.PipelineDelegate	[1]	INFO	|5:13:12 Setting or creating a delegate for context 2068598972 body 1485089044/java.lang.Class in thread 1 
bpipe.PipelineDelegate	[1]	INFO	|5:13:12 Created new delegate bpipe.PipelineDelegate@1a4927d6 overriding type java.lang.Class in thread 1 
bpipe.Dependencies	[1]	INFO	|5:13:12 Checking input (s) [/Users/jt/variant_pipeline/tutorial/fastq_renamed/PB2_16.1.1.fastq, /Users/jt/variant_pipeline/tutorial/fastq_renamed/PB2_16.2.1.fastq, /Users/jt/variant_pipeline/tutorial/fastq_renamed/WT_Plasmidcontrol.1.1.fastq, /Users/jt/variant_pipeline/tutorial/fastq_renamed/WT_Plasmidcontrol.2.1.fastq] 
bpipe.Dependencies	[1]	INFO	|5:13:12  Checking file /Users/jt/variant_pipeline/tutorial/fastq_renamed/PB2_16.1.1.fastq 
bpipe.Dependencies	[1]	INFO	|5:13:12  Checking file /Users/jt/variant_pipeline/tutorial/fastq_renamed/PB2_16.2.1.fastq 
bpipe.Dependencies	[1]	INFO	|5:13:12  Checking file /Users/jt/variant_pipeline/tutorial/fastq_renamed/WT_Plasmidcontrol.1.1.fastq 
bpipe.Dependencies	[1]	INFO	|5:13:12  Checking file /Users/jt/variant_pipeline/tutorial/fastq_renamed/WT_Plasmidcontrol.2.1.fastq 
bpipe.PipelineDelegate	[1]	INFO	|5:13:12 Setting or creating a delegate for context 116669570 body 1572256205/java.lang.Class in thread 1 
bpipe.PipelineDelegate	[1]	INFO	|5:13:12 Created new delegate bpipe.PipelineDelegate@210ab13f overriding type java.lang.Class in thread 1 
bpipe.Dependencies	[1]	INFO	|5:13:12 Checking input (s) [/Users/jt/variant_pipeline/tutorial/fastq_renamed/PB2_16.1.1.fastq, /Users/jt/variant_pipeline/tutorial/fastq_renamed/PB2_16.2.1.fastq, /Users/jt/variant_pipeline/tutorial/fastq_renamed/WT_Plasmidcontrol.1.1.fastq, /Users/jt/variant_pipeline/tutorial/fastq_renamed/WT_Plasmidcontrol.2.1.fastq] 
bpipe.Dependencies	[1]	INFO	|5:13:12  Checking file /Users/jt/variant_pipeline/tutorial/fastq_renamed/PB2_16.1.1.fastq 
bpipe.Dependencies	[1]	INFO	|5:13:12  Checking file /Users/jt/variant_pipeline/tutorial/fastq_renamed/PB2_16.2.1.fastq 
bpipe.Dependencies	[1]	INFO	|5:13:12  Checking file /Users/jt/variant_pipeline/tutorial/fastq_renamed/WT_Plasmidcontrol.1.1.fastq 
bpipe.Dependencies	[1]	INFO	|5:13:12  Checking file /Users/jt/variant_pipeline/tutorial/fastq_renamed/WT_Plasmidcontrol.2.1.fastq 
bpipe.PipelineDelegate	[1]	INFO	|5:13:12 Setting or creating a delegate for context 1863702030 body 702025003/java.lang.Class in thread 1 
bpipe.PipelineDelegate	[1]	INFO	|5:13:12 Created new delegate bpipe.PipelineDelegate@58e1d9d overriding type java.lang.Class in thread 1 
bpipe.Dependencies	[1]	INFO	|5:13:12 Checking input (s) [/Users/jt/variant_pipeline/tutorial/fastq_renamed/PB2_16.1.1.fastq, /Users/jt/variant_pipeline/tutorial/fastq_renamed/PB2_16.2.1.fastq, /Users/jt/variant_pipeline/tutorial/fastq_renamed/WT_Plasmidcontrol.1.1.fastq, /Users/jt/variant_pipeline/tutorial/fastq_renamed/WT_Plasmidcontrol.2.1.fastq] 
bpipe.Dependencies	[1]	INFO	|5:13:12  Checking file /Users/jt/variant_pipeline/tutorial/fastq_renamed/PB2_16.1.1.fastq 
bpipe.Dependencies	[1]	INFO	|5:13:12  Checking file /Users/jt/variant_pipeline/tutorial/fastq_renamed/PB2_16.2.1.fastq 
bpipe.Dependencies	[1]	INFO	|5:13:12  Checking file /Users/jt/variant_pipeline/tutorial/fastq_renamed/WT_Plasmidcontrol.1.1.fastq 
bpipe.Dependencies	[1]	INFO	|5:13:12  Checking file /Users/jt/variant_pipeline/tutorial/fastq_renamed/WT_Plasmidcontrol.2.1.fastq 
bpipe.PipelineDelegate	[1]	INFO	|5:13:12 Setting or creating a delegate for context 1766869737 body 138817329/java.lang.Class in thread 1 
bpipe.PipelineDelegate	[1]	INFO	|5:13:12 Created new delegate bpipe.PipelineDelegate@28cda624 overriding type java.lang.Class in thread 1 
bpipe.Dependencies	[1]	INFO	|5:13:12 Checking input (s) [/Users/jt/variant_pipeline/tutorial/fastq_renamed/PB2_16.1.1.fastq, /Users/jt/variant_pipeline/tutorial/fastq_renamed/PB2_16.2.1.fastq, /Users/jt/variant_pipeline/tutorial/fastq_renamed/WT_Plasmidcontrol.1.1.fastq, /Users/jt/variant_pipeline/tutorial/fastq_renamed/WT_Plasmidcontrol.2.1.fastq] 
bpipe.Dependencies	[1]	INFO	|5:13:12  Checking file /Users/jt/variant_pipeline/tutorial/fastq_renamed/PB2_16.1.1.fastq 
bpipe.Dependencies	[1]	INFO	|5:13:12  Checking file /Users/jt/variant_pipeline/tutorial/fastq_renamed/PB2_16.2.1.fastq 
bpipe.Dependencies	[1]	INFO	|5:13:12  Checking file /Users/jt/variant_pipeline/tutorial/fastq_renamed/WT_Plasmidcontrol.1.1.fastq 
bpipe.Dependencies	[1]	INFO	|5:13:12  Checking file /Users/jt/variant_pipeline/tutorial/fastq_renamed/WT_Plasmidcontrol.2.1.fastq 
bpipe.PipelineDelegate	[1]	INFO	|5:13:12 Setting or creating a delegate for context 2129442232 body 1293680734/java.lang.Class in thread 1 
bpipe.PipelineDelegate	[1]	INFO	|5:13:12 Created new delegate bpipe.PipelineDelegate@126253fd overriding type java.lang.Class in thread 1 
bpipe.Dependencies	[1]	INFO	|5:13:12 Checking input (s) [/Users/jt/variant_pipeline/tutorial/fastq_renamed/PB2_16.1.1.fastq, /Users/jt/variant_pipeline/tutorial/fastq_renamed/PB2_16.2.1.fastq, /Users/jt/variant_pipeline/tutorial/fastq_renamed/WT_Plasmidcontrol.1.1.fastq, /Users/jt/variant_pipeline/tutorial/fastq_renamed/WT_Plasmidcontrol.2.1.fastq] 
bpipe.Dependencies	[1]	INFO	|5:13:12  Checking file /Users/jt/variant_pipeline/tutorial/fastq_renamed/PB2_16.1.1.fastq 
bpipe.Dependencies	[1]	INFO	|5:13:12  Checking file /Users/jt/variant_pipeline/tutorial/fastq_renamed/PB2_16.2.1.fastq 
bpipe.Dependencies	[1]	INFO	|5:13:12  Checking file /Users/jt/variant_pipeline/tutorial/fastq_renamed/WT_Plasmidcontrol.1.1.fastq 
bpipe.Dependencies	[1]	INFO	|5:13:12  Checking file /Users/jt/variant_pipeline/tutorial/fastq_renamed/WT_Plasmidcontrol.2.1.fastq 
bpipe.PipelineDelegate	[1]	INFO	|5:13:12 Setting or creating a delegate for context 1473981203 body 1158676965/java.lang.Class in thread 1 
bpipe.PipelineDelegate	[1]	INFO	|5:13:12 Created new delegate bpipe.PipelineDelegate@5c86a017 overriding type java.lang.Class in thread 1 
bpipe.PipelineCategory	[1]	INFO	|5:13:12 multiply on input [/Users/jt/variant_pipeline/tutorial/fastq_renamed/PB2_16.1.1.fastq, /Users/jt/variant_pipeline/tutorial/fastq_renamed/PB2_16.2.1.fastq, /Users/jt/variant_pipeline/tutorial/fastq_renamed/WT_Plasmidcontrol.1.1.fastq, /Users/jt/variant_pipeline/tutorial/fastq_renamed/WT_Plasmidcontrol.2.1.fastq] with pattern %.*.fastq 
bpipe.InputSplitter	[1]	INFO	|5:13:12 Found * pattern at [2], hash at [] and % at [0] 
bpipe.InputSplitter	[1]	INFO	|5:13:12 Sorted: [0, 2] 
bpipe.InputSplitter	[1]	INFO	|5:13:12 % groups are at [0] 
bpipe.InputSplitter	[1]	INFO	|5:13:12 Result is [pattern:([^/]*?)\.([^/]*?)\.fastq, splits:[0]] 
bpipe.PipelineCategory	[1]	INFO	|5:13:12 Created pipeline stage 1237912220 for parallel block 
bpipe.PipelineCategory	[1]	INFO	|5:13:12 Processing segment 1809194904 
bpipe.PipelineCategory	[1]	INFO	|5:13:12 Creating pipeline to run parallel segment PB2_16 with files [/Users/jt/variant_pipeline/tutorial/fastq_renamed/PB2_16.1.1.fastq, /Users/jt/variant_pipeline/tutorial/fastq_renamed/PB2_16.2.1.fastq]. Branch filter = [] 
bpipe.PipelineCategory	[1]	INFO	|5:13:12 Creating pipeline to run parallel segment WT_Plasmidcontrol with files [/Users/jt/variant_pipeline/tutorial/fastq_renamed/WT_Plasmidcontrol.1.1.fastq, /Users/jt/variant_pipeline/tutorial/fastq_renamed/WT_Plasmidcontrol.2.1.fastq]. Branch filter = [] 
bpipe.PipelineContext	[17]	INFO	|5:13:12 Setting output [/Users/jt/variant_pipeline/tutorial/fastq_renamed/PB2_16.1.1.fastq, /Users/jt/variant_pipeline/tutorial/fastq_renamed/PB2_16.2.1.fastq] on context 339948676 in thread 17 
bpipe.PipelineContext	[17]	INFO	|5:13:12 Using previously set output: [/Users/jt/variant_pipeline/tutorial/fastq_renamed/PB2_16.1.1.fastq, /Users/jt/variant_pipeline/tutorial/fastq_renamed/PB2_16.2.1.fastq] 
bpipe.PipelineContext	[18]	INFO	|5:13:12 Setting output [/Users/jt/variant_pipeline/tutorial/fastq_renamed/WT_Plasmidcontrol.1.1.fastq, /Users/jt/variant_pipeline/tutorial/fastq_renamed/WT_Plasmidcontrol.2.1.fastq] on context 1568226543 in thread 18 
bpipe.PipelineContext	[18]	INFO	|5:13:12 Using previously set output: [/Users/jt/variant_pipeline/tutorial/fastq_renamed/WT_Plasmidcontrol.1.1.fastq, /Users/jt/variant_pipeline/tutorial/fastq_renamed/WT_Plasmidcontrol.2.1.fastq] 
bpipe.Concurrency	[1]	INFO	|5:13:12 Waiting for 2 parallel stages to complete (pool.active=2 pool.tasks=2) 
bpipe.PipelineCategory	[17]	INFO	|5:13:12 Adding dummy prior stage for thread 17 with outputs : /Users/jt/variant_pipeline/tutorial/fastq_renamed/PB2_16.1.1.fastq 
bpipe.PipelineCategory	[18]	INFO	|5:13:12 Adding dummy prior stage for thread 18 with outputs : /Users/jt/variant_pipeline/tutorial/fastq_renamed/WT_Plasmidcontrol.1.1.fastq 
bpipe.Pipeline	[18]	INFO	|5:13:12 Running segment with inputs [/Users/jt/variant_pipeline/tutorial/fastq_renamed/WT_Plasmidcontrol.1.1.fastq, /Users/jt/variant_pipeline/tutorial/fastq_renamed/WT_Plasmidcontrol.2.1.fastq] 
bpipe.Pipeline	[17]	INFO	|5:13:12 Running segment with inputs [/Users/jt/variant_pipeline/tutorial/fastq_renamed/PB2_16.1.1.fastq, /Users/jt/variant_pipeline/tutorial/fastq_renamed/PB2_16.2.1.fastq] 
bpipe.Dependencies	[18]	INFO	|5:13:12 Checking input (s) [/Users/jt/variant_pipeline/tutorial/fastq_renamed/WT_Plasmidcontrol.1.1.fastq, /Users/jt/variant_pipeline/tutorial/fastq_renamed/WT_Plasmidcontrol.2.1.fastq] 
bpipe.Dependencies	[17]	INFO	|5:13:12 Checking input (s) [/Users/jt/variant_pipeline/tutorial/fastq_renamed/PB2_16.1.1.fastq, /Users/jt/variant_pipeline/tutorial/fastq_renamed/PB2_16.2.1.fastq] 
bpipe.Dependencies	[18]	INFO	|5:13:12  Checking file /Users/jt/variant_pipeline/tutorial/fastq_renamed/WT_Plasmidcontrol.1.1.fastq 
bpipe.Dependencies	[17]	INFO	|5:13:12  Checking file /Users/jt/variant_pipeline/tutorial/fastq_renamed/PB2_16.1.1.fastq 
bpipe.Dependencies	[18]	INFO	|5:13:12  Checking file /Users/jt/variant_pipeline/tutorial/fastq_renamed/WT_Plasmidcontrol.2.1.fastq 
bpipe.Dependencies	[17]	INFO	|5:13:12  Checking file /Users/jt/variant_pipeline/tutorial/fastq_renamed/PB2_16.2.1.fastq 
bpipe.PipelineStage	[17]	INFO	|5:13:12 Stage bowtie2 [PB2_16] : INPUT=[/Users/jt/variant_pipeline/tutorial/fastq_renamed/PB2_16.1.1.fastq, /Users/jt/variant_pipeline/tutorial/fastq_renamed/PB2_16.2.1.fastq] OUTPUT=PB2_16.1.1.fastq.bowtie2 
bpipe.PipelineStage	[18]	INFO	|5:13:12 Stage bowtie2 [WT_Plasmidcontrol] : INPUT=[/Users/jt/variant_pipeline/tutorial/fastq_renamed/WT_Plasmidcontrol.1.1.fastq, /Users/jt/variant_pipeline/tutorial/fastq_renamed/WT_Plasmidcontrol.2.1.fastq] OUTPUT=WT_Plasmidcontrol.1.1.fastq.bowtie2 
bpipe.PipelineDelegate	[17]	INFO	|5:13:12 Setting or creating a delegate for context 1774730120 body 1809194904/variantPipeline.bpipe.stages_bpipe in thread 17 
bpipe.PipelineDelegate	[17]	INFO	|5:13:12 Created new delegate bpipe.PipelineDelegate@77c63173 overriding type variantPipeline.bpipe.stages_bpipe in thread 17 
bpipe.PipelineDelegate	[18]	INFO	|5:13:12 Setting or creating a delegate for context 931811861 body 1809194904/bpipe.PipelineDelegate in thread 18 
bpipe.PipelineDelegate	[18]	INFO	|5:13:12 Existing delegate bpipe.PipelineDelegate@77c63173 has type bpipe.PipelineDelegate in thread 18. Setting new context 931811861 
bpipe.PipelineContext	[17]	INFO	|5:13:12 No inputs resolved by input wrappers: outputs based on default PB2_16.1.1.fastq.bowtie2 
bpipe.PipelineContext	[18]	INFO	|5:13:12 No inputs resolved by input wrappers: outputs based on default WT_Plasmidcontrol.1.1.fastq.bowtie2 
bpipe.PipelineContext	[18]	INFO	|5:13:12 Output set to 03_align (new default output = 03_align/WT_Plasmidcontrol.1.1.fastq.bowtie2) 
bpipe.PipelineContext	[17]	INFO	|5:13:12 Output set to 03_align (new default output = 03_align/PB2_16.1.1.fastq.bowtie2) 
bpipe.PipelineContext	[18]	INFO	|5:13:12 Producing [03_align/*.sam] from bpipe.PipelineContext@378a5215 
bpipe.PipelineContext	[17]	INFO	|5:13:12 Producing [03_align/*.sam] from bpipe.PipelineContext@69c83b88 
bpipe.PipelineContext	[18]	INFO	|5:13:12 Files matching glob 03_align/*.sam = [] 
bpipe.PipelineDelegate	[18]	INFO	|5:13:12 Setting or creating a delegate for context 931811861 body 1266794665/variantPipeline.bpipe.stages_bpipe$_run_closure4 in thread 18 
bpipe.PipelineDelegate	[18]	INFO	|5:13:12 Created new delegate bpipe.PipelineDelegate@516086ed overriding type variantPipeline.bpipe.stages_bpipe$_run_closure4 in thread 18 
bpipe.PipelineContext	[18]	INFO	|5:13:12 Producing from inputs [/Users/jt/variant_pipeline/tutorial/fastq_renamed/WT_Plasmidcontrol.1.1.fastq, /Users/jt/variant_pipeline/tutorial/fastq_renamed/WT_Plasmidcontrol.2.1.fastq] 
bpipe.PipelineContext	[17]	INFO	|5:13:12 Files matching glob 03_align/*.sam = [] 
bpipe.PipelineDelegate	[17]	INFO	|5:13:12 Setting or creating a delegate for context 1774730120 body 845197481/variantPipeline.bpipe.stages_bpipe$_run_closure4 in thread 17 
bpipe.PipelineDelegate	[17]	INFO	|5:13:12 Created new delegate bpipe.PipelineDelegate@19847edb overriding type variantPipeline.bpipe.stages_bpipe$_run_closure4 in thread 17 
bpipe.PipelineContext	[17]	INFO	|5:13:12 Producing from inputs [/Users/jt/variant_pipeline/tutorial/fastq_renamed/PB2_16.1.1.fastq, /Users/jt/variant_pipeline/tutorial/fastq_renamed/PB2_16.2.1.fastq] 
bpipe.PipelineDelegate	[18]	INFO	|5:13:12 Input 1 reference resolved by PipelineDelegate 
bpipe.PipelineDelegate	[17]	INFO	|5:13:12 Input 1 reference resolved by PipelineDelegate 
bpipe.PipelineDelegate	[18]	INFO	|5:13:12 Input 2 reference resolved by PipelineDelegate 
bpipe.PipelineDelegate	[17]	INFO	|5:13:12 Input 2 reference resolved by PipelineDelegate 
bpipe.PipelineDelegate	[18]	INFO	|5:13:12 Input 1 reference resolved by PipelineDelegate 
bpipe.PipelineDelegate	[17]	INFO	|5:13:12 Input 1 reference resolved by PipelineDelegate 
bpipe.PipelineContext	[17]	INFO	|5:13:12 Tracking outputs referenced=[[]] inferred=[[]] for command bowtie2 --sensitive -x $REFERENCE -1 /Users/jt/variant_pipeline/tutorial/fastq_renamed/PB2_16.1.1.fastq -2 /Users/jt/variant_pipeline/tutorial/fastq_renamed/PB2_16.2.1.fastq -S ./03_align/PB2_16.sam 
bpipe.PipelineContext	[18]	INFO	|5:13:12 Tracking outputs referenced=[[]] inferred=[[]] for command bowtie2 --sensitive -x $REFERENCE -1 /Users/jt/variant_pipeline/tutorial/fastq_renamed/WT_Plasmidcontrol.1.1.fastq -2 /Users/jt/variant_pipeline/tutorial/fastq_renamed/WT_Plasmidcontrol.2.1.fastq -S ./03_align/WT_Plasmidcontrol.sam 
bpipe.PipelineContext	[18]	INFO	|5:13:12 Checking actual resolved inputs [] 
bpipe.PipelineContext	[17]	INFO	|5:13:12 Checking actual resolved inputs [] 
bpipe.Command	[18]	INFO	|5:13:12 Checking for configuration for command bowtie2 
bpipe.Command	[17]	INFO	|5:13:12 Checking for configuration for command bowtie2 
bpipe.Command	[18]	INFO	|5:13:12 Default command properties: [executor:local] 
bpipe.Command	[17]	INFO	|5:13:12 Default command properties: [executor:local] 
bpipe.CommandManager	[17]	INFO	|5:13:12 Using config [executor:local] for command 
bpipe.CommandManager	[18]	INFO	|5:13:12 Using config [executor:local] for command 
bpipe.Pipeline	[18]	INFO	|5:13:12 Pipeline segment aborted due to test mode 
bpipe.Pipeline	[17]	INFO	|5:13:12 Pipeline segment aborted due to test mode 
bpipe.Pipeline	[18]	INFO	|5:13:12 Finished running segment for inputs [/Users/jt/variant_pipeline/tutorial/fastq_renamed/WT_Plasmidcontrol.1.1.fastq, /Users/jt/variant_pipeline/tutorial/fastq_renamed/WT_Plasmidcontrol.2.1.fastq] 
bpipe.Pipeline	[17]	INFO	|5:13:12 Finished running segment for inputs [/Users/jt/variant_pipeline/tutorial/fastq_renamed/PB2_16.1.1.fastq, /Users/jt/variant_pipeline/tutorial/fastq_renamed/PB2_16.2.1.fastq] 
bpipe.Concurrency	[18]	INFO	|5:13:12 Decremented running count to 1 in thread Thread-8 
bpipe.Concurrency	[17]	INFO	|5:13:12 Decremented running count to 0 in thread Thread-7 
bpipe.Pipeline	[1]	INFO	|5:13:12 Pipeline segment aborted due to test mode 
bpipe.Pipeline	[1]	INFO	|5:13:12 Finished running segment for inputs [/Users/jt/variant_pipeline/tutorial/fastq_renamed/PB2_16.1.1.fastq, /Users/jt/variant_pipeline/tutorial/fastq_renamed/PB2_16.2.1.fastq, /Users/jt/variant_pipeline/tutorial/fastq_renamed/WT_Plasmidcontrol.1.1.fastq, /Users/jt/variant_pipeline/tutorial/fastq_renamed/WT_Plasmidcontrol.2.1.fastq] 
bpipe.Runner	[10]	INFO	|5:13:12 Deleting job file /Users/jt/.bpipedb/jobs/1265 
